<?xml version="1.0" encoding="UTF-8"?>
<!-- Generated by org.testng.reporters.JUnitXMLReporter -->
<testsuite ignored="0" hostname="MACs-Mac-mini.local" failures="0" tests="3" name="Hub Spot Regression Test Cases on chrome" time="70.328" errors="0" timestamp="2025-07-25T08:57:28 IST">
  <testcase classname="com.mytest.LoginTest" name="VerifyLoginPageTitleTest" time="0.021"/>
  <testcase classname="com.mytest.LoginTest" name="VerifyLoginPageHeaderTest" time="0.184"/>
  <testcase classname="com.mytest.LoginTest" name="doLoginTest" time="5.628"/>
</testsuite> <!-- Hub Spot Regression Test Cases on chrome -->
