<?xml version="1.0" encoding="UTF-8"?>
<!-- Generated by org.testng.reporters.JUnitXMLReporter -->
<testsuite ignored="2" hostname="MACs-Mac-mini.local" failures="0" tests="1" name="Automation Test Chrome" time="11.057" errors="0" timestamp="2025-07-24T18:06:38 IST">
  <testcase classname="com.mytest.LoginTest" name="VerifyLoginPageHeaderTest" time="0.052"/>
  <testcase classname="com.mytest.LoginTest" name="VerifyLoginPageTitleTest" time="0.0">
    <ignored/>
  </testcase> <!-- VerifyLoginPageTitleTest -->
  <testcase classname="com.mytest.LoginTest" name="doLoginTest" time="0.0">
    <ignored/>
  </testcase> <!-- doLoginTest -->
</testsuite> <!-- Automation Test Chrome -->
