<?xml version="1.0" encoding="UTF-8"?>
<!-- Generated by org.testng.reporters.JUnitXMLReporter -->
<testsuite ignored="0" hostname="MACs-Mac-mini.local" failures="0" tests="3" name="Default test" time="16.335" errors="0" timestamp="2025-07-24T17:15:00 IST">
  <testcase classname="com.mytest.LoginTest" name="VerifyLoginPageTitleTest" time="0.035"/>
  <testcase classname="com.mytest.LoginTest" name="VerifyLoginPageHeaderTest" time="0.054"/>
  <testcase classname="com.mytest.LoginTest" name="doLoginTest" time="1.717"/>
</testsuite> <!-- Default test -->
