<?xml version="1.0" encoding="UTF-8"?>
<testng-results ignored="0" total="3" passed="3" failed="0" skipped="0">
  <reporter-output>
  </reporter-output>
  <suite started-at="2025-07-25T08:56:17 IST" name="Test Automation Suite]" finished-at="2025-07-25T08:57:28 IST" duration-ms="70328">
    <groups>
    </groups>
    <test started-at="2025-07-25T08:56:17 IST" name="Hub Spot Regression Test Cases on chrome" finished-at="2025-07-25T08:57:28 IST" duration-ms="70328">
      <class name="com.mytest.LoginTest">
        <test-method is-config="true" signature="setUpTest(java.lang.String)[pri:0, instance:com.mytest.LoginTest@77eca502]" started-at="2025-07-25T08:56:17 IST" name="setUpTest" finished-at="2025-07-25T08:56:41 IST" duration-ms="23681" status="PASS">
          <params>
            <param index="0">
              <value>
                <![CDATA[chrome]]>
              </value>
            </param>
          </params>
          <reporter-output>
          </reporter-output>
        </test-method> <!-- setUpTest -->
        <test-method signature="VerifyLoginPageTitleTest()[pri:1, instance:com.mytest.LoginTest@77eca502]" started-at="2025-07-25T08:56:41 IST" name="VerifyLoginPageTitleTest" finished-at="2025-07-25T08:56:41 IST" duration-ms="21" status="PASS">
          <reporter-output>
          </reporter-output>
        </test-method> <!-- VerifyLoginPageTitleTest -->
        <test-method is-config="true" signature="closeBrower()[pri:0, instance:com.mytest.LoginTest@77eca502]" started-at="2025-07-25T08:56:41 IST" name="closeBrower" finished-at="2025-07-25T08:56:41 IST" duration-ms="196" status="PASS">
          <reporter-output>
          </reporter-output>
        </test-method> <!-- closeBrower -->
        <test-method is-config="true" signature="setUpTest(java.lang.String)[pri:0, instance:com.mytest.LoginTest@77eca502]" started-at="2025-07-25T08:56:41 IST" name="setUpTest" finished-at="2025-07-25T08:57:03 IST" duration-ms="21928" status="PASS">
          <params>
            <param index="0">
              <value>
                <![CDATA[chrome]]>
              </value>
            </param>
          </params>
          <reporter-output>
          </reporter-output>
        </test-method> <!-- setUpTest -->
        <test-method signature="VerifyLoginPageHeaderTest()[pri:2, instance:com.mytest.LoginTest@77eca502]" started-at="2025-07-25T08:57:03 IST" name="VerifyLoginPageHeaderTest" finished-at="2025-07-25T08:57:03 IST" duration-ms="184" status="PASS">
          <reporter-output>
          </reporter-output>
        </test-method> <!-- VerifyLoginPageHeaderTest -->
        <test-method is-config="true" signature="closeBrower()[pri:0, instance:com.mytest.LoginTest@77eca502]" started-at="2025-07-25T08:57:03 IST" name="closeBrower" finished-at="2025-07-25T08:57:03 IST" duration-ms="205" status="PASS">
          <reporter-output>
          </reporter-output>
        </test-method> <!-- closeBrower -->
        <test-method is-config="true" signature="setUpTest(java.lang.String)[pri:0, instance:com.mytest.LoginTest@77eca502]" started-at="2025-07-25T08:57:03 IST" name="setUpTest" finished-at="2025-07-25T08:57:22 IST" duration-ms="18236" status="PASS">
          <params>
            <param index="0">
              <value>
                <![CDATA[chrome]]>
              </value>
            </param>
          </params>
          <reporter-output>
          </reporter-output>
        </test-method> <!-- setUpTest -->
        <test-method signature="doLoginTest()[pri:3, instance:com.mytest.LoginTest@77eca502]" started-at="2025-07-25T08:57:22 IST" name="doLoginTest" finished-at="2025-07-25T08:57:27 IST" duration-ms="5628" status="PASS">
          <reporter-output>
          </reporter-output>
        </test-method> <!-- doLoginTest -->
        <test-method is-config="true" signature="closeBrower()[pri:0, instance:com.mytest.LoginTest@77eca502]" started-at="2025-07-25T08:57:27 IST" name="closeBrower" finished-at="2025-07-25T08:57:28 IST" duration-ms="185" status="PASS">
          <reporter-output>
          </reporter-output>
        </test-method> <!-- closeBrower -->
      </class> <!-- com.mytest.LoginTest -->
    </test> <!-- Hub Spot Regression Test Cases on chrome -->
  </suite> <!-- Test Automation Suite] -->
</testng-results>
